{"/Users/strider/Desktop/Nest-Testing/02-nest-teslo-shop/src/app.module.ts": {"path":"/Users/strider/Desktop/Nest-Testing/02-nest-teslo-shop/src/app.module.ts","statementMap":{"0":{"start":{"line":1,"column":0},"end":{"line":1,"column":28}},"1":{"start":{"line":3,"column":0},"end":{"line":3,"column":40}},"2":{"start":{"line":4,"column":0},"end":{"line":4,"column":46}},"3":{"start":{"line":5,"column":0},"end":{"line":5,"column":48}},"4":{"start":{"line":6,"column":0},"end":{"line":6,"column":57}},"5":{"start":{"line":8,"column":0},"end":{"line":8,"column":60}},"6":{"start":{"line":9,"column":0},"end":{"line":9,"column":54}},"7":{"start":{"line":10,"column":0},"end":{"line":10,"column":48}},"8":{"start":{"line":11,"column":0},"end":{"line":11,"column":51}},"9":{"start":{"line":12,"column":0},"end":{"line":12,"column":48}},"10":{"start":{"line":49,"column":7},"end":{"line":49,"column":null}},"11":{"start":{"line":49,"column":13},"end":{"line":49,"column":22}},"12":{"start":{"line":49,"column":13},"end":{"line":49,"column":null}}},"fnMap":{},"branchMap":{"0":{"loc":{"start":{"line":22,"column":10},"end":{"line":22,"column":77}},"type":"cond-expr","locations":[{"start":{"line":22,"column":41},"end":{"line":22,"column":70}},{"start":{"line":22,"column":73},"end":{"line":22,"column":77}}]}},"s":{"0":5,"1":5,"2":5,"3":5,"4":5,"5":5,"6":5,"7":5,"8":5,"9":5,"10":5,"11":5,"12":5},"f":{},"b":{"0":[0,5]}}
,"/Users/strider/Desktop/Nest-Testing/02-nest-teslo-shop/src/auth/auth.controller.ts": {"path":"/Users/strider/Desktop/Nest-Testing/02-nest-teslo-shop/src/auth/auth.controller.ts","statementMap":{"0":{"start":{"line":1,"column":0},"end":{"line":1,"column":null}},"1":{"start":{"line":11,"column":0},"end":{"line":11,"column":45}},"2":{"start":{"line":12,"column":0},"end":{"line":12,"column":42}},"3":{"start":{"line":16,"column":0},"end":{"line":16,"column":45}},"4":{"start":{"line":17,"column":0},"end":{"line":17,"column":57}},"5":{"start":{"line":18,"column":0},"end":{"line":18,"column":70}},"6":{"start":{"line":20,"column":0},"end":{"line":20,"column":52}},"7":{"start":{"line":21,"column":0},"end":{"line":21,"column":46}},"8":{"start":{"line":22,"column":0},"end":{"line":22,"column":57}},"9":{"start":{"line":23,"column":0},"end":{"line":23,"column":42}},"10":{"start":{"line":27,"column":7},"end":{"line":86,"column":null}},"11":{"start":{"line":28,"column":31},"end":{"line":28,"column":44}},"12":{"start":{"line":32,"column":4},"end":{"line":32,"column":50}},"13":{"start":{"line":37,"column":4},"end":{"line":37,"column":48}},"14":{"start":{"line":43,"column":4},"end":{"line":43,"column":50}},"15":{"start":{"line":56,"column":4},"end":{"line":63,"column":6}},"16":{"start":{"line":72,"column":4},"end":{"line":75,"column":6}},"17":{"start":{"line":81,"column":4},"end":{"line":84,"column":6}},"18":{"start":{"line":27,"column":13},"end":{"line":27,"column":27}},"19":{"start":{"line":31,"column":2},"end":{"line":33,"column":null}},"20":{"start":{"line":36,"column":2},"end":{"line":38,"column":null}},"21":{"start":{"line":42,"column":2},"end":{"line":44,"column":null}},"22":{"start":{"line":48,"column":2},"end":{"line":64,"column":null}},"23":{"start":{"line":71,"column":2},"end":{"line":76,"column":null}},"24":{"start":{"line":80,"column":2},"end":{"line":85,"column":null}},"25":{"start":{"line":27,"column":13},"end":{"line":86,"column":null}}},"fnMap":{"0":{"name":"(anonymous_4)","decl":{"start":{"line":28,"column":2},"end":{"line":28,"column":31}},"loc":{"start":{"line":28,"column":55},"end":{"line":28,"column":59}}},"1":{"name":"(anonymous_5)","decl":{"start":{"line":31,"column":2},"end":{"line":31,"column":12}},"loc":{"start":{"line":31,"column":49},"end":{"line":33,"column":3}}},"2":{"name":"(anonymous_6)","decl":{"start":{"line":36,"column":2},"end":{"line":36,"column":11}},"loc":{"start":{"line":36,"column":46},"end":{"line":38,"column":3}}},"3":{"name":"(anonymous_7)","decl":{"start":{"line":42,"column":2},"end":{"line":42,"column":17}},"loc":{"start":{"line":42,"column":39},"end":{"line":44,"column":3}}},"4":{"name":"(anonymous_8)","decl":{"start":{"line":48,"column":2},"end":{"line":48,"column":21}},"loc":{"start":{"line":54,"column":43},"end":{"line":64,"column":3}}},"5":{"name":"(anonymous_9)","decl":{"start":{"line":71,"column":2},"end":{"line":71,"column":15}},"loc":{"start":{"line":71,"column":37},"end":{"line":76,"column":3}}},"6":{"name":"(anonymous_10)","decl":{"start":{"line":80,"column":2},"end":{"line":80,"column":15}},"loc":{"start":{"line":80,"column":37},"end":{"line":85,"column":3}}}},"branchMap":{},"s":{"0":5,"1":5,"2":5,"3":5,"4":5,"5":5,"6":5,"7":5,"8":5,"9":5,"10":5,"11":11,"12":7,"13":3,"14":0,"15":0,"16":0,"17":1,"18":5,"19":5,"20":5,"21":5,"22":5,"23":5,"24":5,"25":5},"f":{"0":11,"1":7,"2":3,"3":0,"4":0,"5":0,"6":1},"b":{}}
,"/Users/strider/Desktop/Nest-Testing/02-nest-teslo-shop/src/auth/auth.module.ts": {"path":"/Users/strider/Desktop/Nest-Testing/02-nest-teslo-shop/src/auth/auth.module.ts","statementMap":{"0":{"start":{"line":1,"column":0},"end":{"line":1,"column":40}},"1":{"start":{"line":2,"column":0},"end":{"line":2,"column":61}},"2":{"start":{"line":3,"column":0},"end":{"line":3,"column":48}},"3":{"start":{"line":4,"column":0},"end":{"line":4,"column":50}},"4":{"start":{"line":5,"column":0},"end":{"line":5,"column":40}},"5":{"start":{"line":7,"column":0},"end":{"line":7,"column":45}},"6":{"start":{"line":8,"column":0},"end":{"line":8,"column":51}},"7":{"start":{"line":9,"column":0},"end":{"line":9,"column":46}},"8":{"start":{"line":10,"column":0},"end":{"line":10,"column":56}},"9":{"start":{"line":45,"column":7},"end":{"line":45,"column":null}},"10":{"start":{"line":45,"column":13},"end":{"line":45,"column":23}},"11":{"start":{"line":45,"column":13},"end":{"line":45,"column":null}},"12":{"start":{"line":28,"column":8},"end":{"line":33,"column":10}}},"fnMap":{"0":{"name":"(anonymous_1)","decl":{"start":{"line":25,"column":18},"end":{"line":25,"column":19}},"loc":{"start":{"line":25,"column":51},"end":{"line":34,"column":7}}}},"branchMap":{},"s":{"0":5,"1":5,"2":5,"3":5,"4":5,"5":5,"6":5,"7":5,"8":5,"9":5,"10":5,"11":5,"12":11},"f":{"0":11},"b":{}}
,"/Users/strider/Desktop/Nest-Testing/02-nest-teslo-shop/src/auth/auth.service.ts": {"path":"/Users/strider/Desktop/Nest-Testing/02-nest-teslo-shop/src/auth/auth.service.ts","statementMap":{"0":{"start":{"line":1,"column":0},"end":{"line":1,"column":null}},"1":{"start":{"line":7,"column":0},"end":{"line":7,"column":41}},"2":{"start":{"line":8,"column":0},"end":{"line":8,"column":51}},"3":{"start":{"line":9,"column":0},"end":{"line":9,"column":37}},"4":{"start":{"line":11,"column":0},"end":{"line":11,"column":33}},"5":{"start":{"line":13,"column":0},"end":{"line":13,"column":46}},"6":{"start":{"line":18,"column":7},"end":{"line":96,"column":null}},"7":{"start":{"line":21,"column":21},"end":{"line":21,"column":37}},"8":{"start":{"line":23,"column":21},"end":{"line":23,"column":33}},"9":{"start":{"line":27,"column":4},"end":{"line":45,"column":5}},"10":{"start":{"line":28,"column":40},"end":{"line":28,"column":53}},"11":{"start":{"line":30,"column":19},"end":{"line":33,"column":8}},"12":{"start":{"line":35,"column":6},"end":{"line":35,"column":43}},"13":{"start":{"line":36,"column":6},"end":{"line":36,"column":27}},"14":{"start":{"line":38,"column":6},"end":{"line":41,"column":8}},"15":{"start":{"line":44,"column":6},"end":{"line":44,"column":33}},"16":{"start":{"line":49,"column":32},"end":{"line":49,"column":44}},"17":{"start":{"line":51,"column":17},"end":{"line":61,"column":6}},"18":{"start":{"line":63,"column":4},"end":{"line":64,"column":75}},"19":{"start":{"line":64,"column":6},"end":{"line":64,"column":75}},"20":{"start":{"line":66,"column":4},"end":{"line":67,"column":78}},"21":{"start":{"line":67,"column":6},"end":{"line":67,"column":78}},"22":{"start":{"line":69,"column":4},"end":{"line":69,"column":25}},"23":{"start":{"line":71,"column":4},"end":{"line":74,"column":6}},"24":{"start":{"line":78,"column":4},"end":{"line":81,"column":6}},"25":{"start":{"line":85,"column":18},"end":{"line":85,"column":47}},"26":{"start":{"line":86,"column":4},"end":{"line":86,"column":17}},"27":{"start":{"line":90,"column":4},"end":{"line":90,"column":76}},"28":{"start":{"line":90,"column":32},"end":{"line":90,"column":76}},"29":{"start":{"line":92,"column":4},"end":{"line":92,"column":23}},"30":{"start":{"line":94,"column":4},"end":{"line":94,"column":71}},"31":{"start":{"line":18,"column":13},"end":{"line":18,"column":24}},"32":{"start":{"line":18,"column":13},"end":{"line":96,"column":null}}},"fnMap":{"0":{"name":"(anonymous_4)","decl":{"start":{"line":19,"column":2},"end":{"line":19,"column":null}},"loc":{"start":{"line":23,"column":43},"end":{"line":24,"column":6}}},"1":{"name":"(anonymous_5)","decl":{"start":{"line":26,"column":2},"end":{"line":26,"column":7}},"loc":{"start":{"line":26,"column":43},"end":{"line":46,"column":3}}},"2":{"name":"(anonymous_6)","decl":{"start":{"line":48,"column":2},"end":{"line":48,"column":7}},"loc":{"start":{"line":48,"column":40},"end":{"line":75,"column":3}}},"3":{"name":"(anonymous_7)","decl":{"start":{"line":77,"column":2},"end":{"line":77,"column":7}},"loc":{"start":{"line":77,"column":34},"end":{"line":82,"column":3}}},"4":{"name":"(anonymous_8)","decl":{"start":{"line":84,"column":10},"end":{"line":84,"column":21}},"loc":{"start":{"line":84,"column":41},"end":{"line":87,"column":3}}},"5":{"name":"(anonymous_9)","decl":{"start":{"line":89,"column":10},"end":{"line":89,"column":24}},"loc":{"start":{"line":89,"column":35},"end":{"line":95,"column":3}}}},"branchMap":{"0":{"loc":{"start":{"line":63,"column":4},"end":{"line":64,"column":75}},"type":"if","locations":[{"start":{"line":63,"column":4},"end":{"line":64,"column":75}}]},"1":{"loc":{"start":{"line":66,"column":4},"end":{"line":67,"column":78}},"type":"if","locations":[{"start":{"line":66,"column":4},"end":{"line":67,"column":78}}]},"2":{"loc":{"start":{"line":90,"column":4},"end":{"line":90,"column":76}},"type":"if","locations":[{"start":{"line":90,"column":4},"end":{"line":90,"column":76}}]}},"s":{"0":5,"1":5,"2":5,"3":5,"4":5,"5":5,"6":5,"7":11,"8":11,"9":7,"10":7,"11":7,"12":7,"13":4,"14":4,"15":3,"16":3,"17":3,"18":3,"19":1,"20":2,"21":1,"22":1,"23":1,"24":0,"25":5,"26":5,"27":3,"28":3,"29":0,"30":0,"31":5,"32":5},"f":{"0":11,"1":7,"2":3,"3":0,"4":5,"5":3},"b":{"0":[1],"1":[1],"2":[3]}}
,"/Users/strider/Desktop/Nest-Testing/02-nest-teslo-shop/src/auth/decorators/auth.decorator.ts": {"path":"/Users/strider/Desktop/Nest-Testing/02-nest-teslo-shop/src/auth/decorators/auth.decorator.ts","statementMap":{"0":{"start":{"line":7,"column":0},"end":{"line":7,"column":16}},"1":{"start":{"line":1,"column":0},"end":{"line":1,"column":60}},"2":{"start":{"line":2,"column":0},"end":{"line":2,"column":45}},"3":{"start":{"line":3,"column":0},"end":{"line":3,"column":58}},"4":{"start":{"line":5,"column":0},"end":{"line":5,"column":59}},"5":{"start":{"line":8,"column":2},"end":{"line":11,"column":4}}},"fnMap":{"0":{"name":"Auth","decl":{"start":{"line":7,"column":16},"end":{"line":7,"column":20}},"loc":{"start":{"line":7,"column":43},"end":{"line":12,"column":1}}}},"branchMap":{},"s":{"0":5,"1":5,"2":5,"3":5,"4":5,"5":25},"f":{"0":25},"b":{}}
,"/Users/strider/Desktop/Nest-Testing/02-nest-teslo-shop/src/auth/decorators/get-user.decorator.ts": {"path":"/Users/strider/Desktop/Nest-Testing/02-nest-teslo-shop/src/auth/decorators/get-user.decorator.ts","statementMap":{"0":{"start":{"line":1,"column":0},"end":{"line":1,"column":null}},"1":{"start":{"line":7,"column":23},"end":{"line":14,"column":1}},"2":{"start":{"line":8,"column":14},"end":{"line":8,"column":45}},"3":{"start":{"line":9,"column":15},"end":{"line":9,"column":23}},"4":{"start":{"line":11,"column":2},"end":{"line":11,"column":80}},"5":{"start":{"line":11,"column":13},"end":{"line":11,"column":80}},"6":{"start":{"line":13,"column":2},"end":{"line":13,"column":35}},"7":{"start":{"line":7,"column":13},"end":{"line":7,"column":23}},"8":{"start":{"line":16,"column":13},"end":{"line":16,"column":53}}},"fnMap":{"0":{"name":"(anonymous_0)","decl":{"start":{"line":7,"column":23},"end":{"line":7,"column":24}},"loc":{"start":{"line":7,"column":63},"end":{"line":14,"column":1}}}},"branchMap":{"0":{"loc":{"start":{"line":11,"column":2},"end":{"line":11,"column":80}},"type":"if","locations":[{"start":{"line":11,"column":2},"end":{"line":11,"column":80}}]},"1":{"loc":{"start":{"line":13,"column":9},"end":{"line":13,"column":34}},"type":"cond-expr","locations":[{"start":{"line":13,"column":17},"end":{"line":13,"column":21}},{"start":{"line":13,"column":24},"end":{"line":13,"column":34}}]}},"s":{"0":5,"1":5,"2":1,"3":1,"4":1,"5":0,"6":1,"7":5,"8":5},"f":{"0":1},"b":{"0":[0],"1":[1,0]}}
,"/Users/strider/Desktop/Nest-Testing/02-nest-teslo-shop/src/auth/decorators/index.ts": {"path":"/Users/strider/Desktop/Nest-Testing/02-nest-teslo-shop/src/auth/decorators/index.ts","statementMap":{"0":{"start":{"line":1,"column":0},"end":{"line":1,"column":9}},"1":{"start":{"line":1,"column":9},"end":{"line":1,"column":40}},"2":{"start":{"line":2,"column":0},"end":{"line":2,"column":9}},"3":{"start":{"line":2,"column":9},"end":{"line":2,"column":59}},"4":{"start":{"line":4,"column":0},"end":{"line":4,"column":9}},"5":{"start":{"line":4,"column":9},"end":{"line":4,"column":53}},"6":{"start":{"line":5,"column":0},"end":{"line":5,"column":9}},"7":{"start":{"line":5,"column":9},"end":{"line":5,"column":47}}},"fnMap":{"0":{"name":"(anonymous_0)","decl":{"start":{"line":1,"column":9},"end":{"line":1,"column":13}},"loc":{"start":{"line":1,"column":9},"end":{"line":1,"column":40}}},"1":{"name":"(anonymous_1)","decl":{"start":{"line":2,"column":9},"end":{"line":2,"column":22}},"loc":{"start":{"line":2,"column":9},"end":{"line":2,"column":59}}},"2":{"name":"(anonymous_2)","decl":{"start":{"line":4,"column":9},"end":{"line":4,"column":19}},"loc":{"start":{"line":4,"column":9},"end":{"line":4,"column":53}}},"3":{"name":"(anonymous_3)","decl":{"start":{"line":5,"column":9},"end":{"line":5,"column":16}},"loc":{"start":{"line":5,"column":9},"end":{"line":5,"column":47}}}},"branchMap":{},"s":{"0":5,"1":30,"2":5,"3":5,"4":5,"5":10,"6":5,"7":40},"f":{"0":25,"1":0,"2":5,"3":35},"b":{}}
,"/Users/strider/Desktop/Nest-Testing/02-nest-teslo-shop/src/auth/decorators/raw-headers.decorator.ts": {"path":"/Users/strider/Desktop/Nest-Testing/02-nest-teslo-shop/src/auth/decorators/raw-headers.decorator.ts","statementMap":{"0":{"start":{"line":1,"column":0},"end":{"line":1,"column":72}},"1":{"start":{"line":3,"column":29},"end":{"line":6,"column":1}},"2":{"start":{"line":4,"column":14},"end":{"line":4,"column":45}},"3":{"start":{"line":5,"column":2},"end":{"line":5,"column":24}},"4":{"start":{"line":3,"column":13},"end":{"line":3,"column":29}},"5":{"start":{"line":8,"column":13},"end":{"line":8,"column":62}}},"fnMap":{"0":{"name":"(anonymous_0)","decl":{"start":{"line":3,"column":29},"end":{"line":3,"column":30}},"loc":{"start":{"line":3,"column":69},"end":{"line":6,"column":1}}}},"branchMap":{},"s":{"0":5,"1":5,"2":0,"3":0,"4":5,"5":5},"f":{"0":0},"b":{}}
,"/Users/strider/Desktop/Nest-Testing/02-nest-teslo-shop/src/auth/decorators/role-protected.decorator.ts": {"path":"/Users/strider/Desktop/Nest-Testing/02-nest-teslo-shop/src/auth/decorators/role-protected.decorator.ts","statementMap":{"0":{"start":{"line":1,"column":0},"end":{"line":1,"column":45}},"1":{"start":{"line":4,"column":13},"end":{"line":4,"column":34}},"2":{"start":{"line":6,"column":29},"end":{"line":8,"column":1}},"3":{"start":{"line":7,"column":2},"end":{"line":7,"column":39}},"4":{"start":{"line":6,"column":13},"end":{"line":6,"column":29}}},"fnMap":{"0":{"name":"(anonymous_0)","decl":{"start":{"line":6,"column":29},"end":{"line":6,"column":30}},"loc":{"start":{"line":6,"column":55},"end":{"line":8,"column":1}}}},"branchMap":{},"s":{"0":5,"1":5,"2":5,"3":30,"4":5},"f":{"0":30},"b":{}}
,"/Users/strider/Desktop/Nest-Testing/02-nest-teslo-shop/src/auth/dto/create-user.dto.ts": {"path":"/Users/strider/Desktop/Nest-Testing/02-nest-teslo-shop/src/auth/dto/create-user.dto.ts","statementMap":{"0":{"start":{"line":1,"column":0},"end":{"line":1,"column":null}},"1":{"start":{"line":9,"column":0},"end":{"line":9,"column":13}},"2":{"start":{"line":12,"column":2},"end":{"line":12,"column":null}},"3":{"start":{"line":21,"column":2},"end":{"line":21,"column":null}},"4":{"start":{"line":25,"column":2},"end":{"line":25,"column":null}}},"fnMap":{},"branchMap":{},"s":{"0":5,"1":5,"2":5,"3":5,"4":5},"f":{},"b":{}}
,"/Users/strider/Desktop/Nest-Testing/02-nest-teslo-shop/src/auth/dto/index.ts": {"path":"/Users/strider/Desktop/Nest-Testing/02-nest-teslo-shop/src/auth/dto/index.ts","statementMap":{"0":{"start":{"line":1,"column":0},"end":{"line":1,"column":9}},"1":{"start":{"line":1,"column":9},"end":{"line":1,"column":48}},"2":{"start":{"line":2,"column":0},"end":{"line":2,"column":9}},"3":{"start":{"line":2,"column":9},"end":{"line":2,"column":50}}},"fnMap":{"0":{"name":"(anonymous_0)","decl":{"start":{"line":1,"column":9},"end":{"line":1,"column":21}},"loc":{"start":{"line":1,"column":9},"end":{"line":1,"column":48}}},"1":{"name":"(anonymous_1)","decl":{"start":{"line":2,"column":9},"end":{"line":2,"column":22}},"loc":{"start":{"line":2,"column":9},"end":{"line":2,"column":50}}}},"branchMap":{},"s":{"0":5,"1":10,"2":5,"3":10},"f":{"0":5,"1":5},"b":{}}
,"/Users/strider/Desktop/Nest-Testing/02-nest-teslo-shop/src/auth/dto/login-user.dto.ts": {"path":"/Users/strider/Desktop/Nest-Testing/02-nest-teslo-shop/src/auth/dto/login-user.dto.ts","statementMap":{"0":{"start":{"line":1,"column":0},"end":{"line":1,"column":null}},"1":{"start":{"line":9,"column":0},"end":{"line":9,"column":13}},"2":{"start":{"line":12,"column":2},"end":{"line":12,"column":null}},"3":{"start":{"line":21,"column":2},"end":{"line":21,"column":null}}},"fnMap":{},"branchMap":{},"s":{"0":5,"1":5,"2":5,"3":5},"f":{},"b":{}}
,"/Users/strider/Desktop/Nest-Testing/02-nest-teslo-shop/src/auth/entities/user.entity.ts": {"path":"/Users/strider/Desktop/Nest-Testing/02-nest-teslo-shop/src/auth/entities/user.entity.ts","statementMap":{"0":{"start":{"line":1,"column":0},"end":{"line":1,"column":null}},"1":{"start":{"line":9,"column":0},"end":{"line":9,"column":50}},"2":{"start":{"line":12,"column":7},"end":{"line":52,"column":null}},"3":{"start":{"line":45,"column":4},"end":{"line":45,"column":49}},"4":{"start":{"line":50,"column":4},"end":{"line":50,"column":35}},"5":{"start":{"line":12,"column":13},"end":{"line":12,"column":17}},"6":{"start":{"line":14,"column":2},"end":{"line":14,"column":null}},"7":{"start":{"line":19,"column":2},"end":{"line":19,"column":null}},"8":{"start":{"line":24,"column":2},"end":{"line":24,"column":null}},"9":{"start":{"line":27,"column":2},"end":{"line":27,"column":null}},"10":{"start":{"line":32,"column":2},"end":{"line":32,"column":null}},"11":{"start":{"line":38,"column":2},"end":{"line":38,"column":null}},"12":{"start":{"line":41,"column":2},"end":{"line":41,"column":null}},"13":{"start":{"line":40,"column":19},"end":{"line":40,"column":26}},"14":{"start":{"line":40,"column":41},"end":{"line":40,"column":53}},"15":{"start":{"line":44,"column":2},"end":{"line":46,"column":null}},"16":{"start":{"line":49,"column":2},"end":{"line":51,"column":null}},"17":{"start":{"line":12,"column":13},"end":{"line":52,"column":null}}},"fnMap":{"0":{"name":"(anonymous_2)","decl":{"start":{"line":44,"column":2},"end":{"line":44,"column":25}},"loc":{"start":{"line":44,"column":25},"end":{"line":46,"column":3}}},"1":{"name":"(anonymous_3)","decl":{"start":{"line":49,"column":2},"end":{"line":49,"column":25}},"loc":{"start":{"line":49,"column":25},"end":{"line":51,"column":3}}},"2":{"name":"(anonymous_4)","decl":{"start":{"line":40,"column":13},"end":{"line":40,"column":16}},"loc":{"start":{"line":40,"column":19},"end":{"line":40,"column":26}}},"3":{"name":"(anonymous_5)","decl":{"start":{"line":40,"column":28},"end":{"line":40,"column":29}},"loc":{"start":{"line":40,"column":41},"end":{"line":40,"column":53}}}},"branchMap":{},"s":{"0":5,"1":5,"2":5,"3":7,"4":0,"5":5,"6":5,"7":5,"8":5,"9":5,"10":5,"11":5,"12":5,"13":11,"14":11,"15":5,"16":5,"17":5},"f":{"0":7,"1":0,"2":11,"3":11},"b":{}}
,"/Users/strider/Desktop/Nest-Testing/02-nest-teslo-shop/src/auth/guards/user-role.guard.ts": {"path":"/Users/strider/Desktop/Nest-Testing/02-nest-teslo-shop/src/auth/guards/user-role.guard.ts","statementMap":{"0":{"start":{"line":1,"column":0},"end":{"line":1,"column":41}},"1":{"start":{"line":2,"column":0},"end":{"line":2,"column":null}},"2":{"start":{"line":11,"column":0},"end":{"line":11,"column":68}},"3":{"start":{"line":14,"column":7},"end":{"line":43,"column":null}},"4":{"start":{"line":15,"column":31},"end":{"line":15,"column":42}},"5":{"start":{"line":20,"column":33},"end":{"line":22,"column":null}},"6":{"start":{"line":25,"column":4},"end":{"line":25,"column":33}},"7":{"start":{"line":25,"column":21},"end":{"line":25,"column":33}},"8":{"start":{"line":26,"column":4},"end":{"line":26,"column":45}},"9":{"start":{"line":26,"column":33},"end":{"line":26,"column":45}},"10":{"start":{"line":28,"column":16},"end":{"line":28,"column":51}},"11":{"start":{"line":29,"column":17},"end":{"line":29,"column":33}},"12":{"start":{"line":31,"column":4},"end":{"line":31,"column":63}},"13":{"start":{"line":31,"column":15},"end":{"line":31,"column":63}},"14":{"start":{"line":33,"column":4},"end":{"line":37,"column":5}},"15":{"start":{"line":34,"column":6},"end":{"line":36,"column":7}},"16":{"start":{"line":35,"column":8},"end":{"line":35,"column":20}},"17":{"start":{"line":39,"column":4},"end":{"line":41,"column":6}},"18":{"start":{"line":14,"column":13},"end":{"line":14,"column":26}},"19":{"start":{"line":14,"column":13},"end":{"line":43,"column":null}}},"fnMap":{"0":{"name":"(anonymous_2)","decl":{"start":{"line":15,"column":2},"end":{"line":15,"column":31}},"loc":{"start":{"line":15,"column":51},"end":{"line":15,"column":55}}},"1":{"name":"(anonymous_3)","decl":{"start":{"line":17,"column":2},"end":{"line":17,"column":13}},"loc":{"start":{"line":18,"column":29},"end":{"line":42,"column":3}}}},"branchMap":{"0":{"loc":{"start":{"line":25,"column":4},"end":{"line":25,"column":33}},"type":"if","locations":[{"start":{"line":25,"column":4},"end":{"line":25,"column":33}}]},"1":{"loc":{"start":{"line":26,"column":4},"end":{"line":26,"column":45}},"type":"if","locations":[{"start":{"line":26,"column":4},"end":{"line":26,"column":45}}]},"2":{"loc":{"start":{"line":31,"column":4},"end":{"line":31,"column":63}},"type":"if","locations":[{"start":{"line":31,"column":4},"end":{"line":31,"column":63}}]},"3":{"loc":{"start":{"line":34,"column":6},"end":{"line":36,"column":7}},"type":"if","locations":[{"start":{"line":34,"column":6},"end":{"line":36,"column":7}}]}},"s":{"0":5,"1":5,"2":5,"3":5,"4":22,"5":1,"6":1,"7":0,"8":1,"9":0,"10":1,"11":1,"12":1,"13":0,"14":1,"15":1,"16":1,"17":0,"18":5,"19":5},"f":{"0":22,"1":1},"b":{"0":[0],"1":[0],"2":[0],"3":[1]}}
,"/Users/strider/Desktop/Nest-Testing/02-nest-teslo-shop/src/auth/interfaces/index.ts": {"path":"/Users/strider/Desktop/Nest-Testing/02-nest-teslo-shop/src/auth/interfaces/index.ts","statementMap":{"0":{"start":{"line":2,"column":0},"end":{"line":2,"column":9}},"1":{"start":{"line":2,"column":9},"end":{"line":2,"column":42}}},"fnMap":{"0":{"name":"(anonymous_0)","decl":{"start":{"line":2,"column":9},"end":{"line":2,"column":19}},"loc":{"start":{"line":2,"column":9},"end":{"line":2,"column":42}}}},"branchMap":{},"s":{"0":5,"1":30},"f":{"0":25},"b":{}}
,"/Users/strider/Desktop/Nest-Testing/02-nest-teslo-shop/src/auth/interfaces/valid-roles.ts": {"path":"/Users/strider/Desktop/Nest-Testing/02-nest-teslo-shop/src/auth/interfaces/valid-roles.ts","statementMap":{"0":{"start":{"line":1,"column":0},"end":{"line":1,"column":null}},"1":{"start":{"line":2,"column":2},"end":{"line":2,"column":null}},"2":{"start":{"line":3,"column":2},"end":{"line":3,"column":null}},"3":{"start":{"line":4,"column":2},"end":{"line":4,"column":null}}},"fnMap":{"0":{"name":"(anonymous_0)","decl":{"start":{"line":1,"column":0},"end":{"line":1,"column":12}},"loc":{"start":{"line":1,"column":22},"end":{"line":5,"column":1}}}},"branchMap":{"0":{"loc":{"start":{"line":1,"column":12},"end":{"line":1,"column":null}},"type":"binary-expr","locations":[{"start":{"line":1,"column":12},"end":{"line":1,"column":22}},{"start":{"line":1,"column":22},"end":{"line":1,"column":null}}]}},"s":{"0":5,"1":5,"2":5,"3":5},"f":{"0":5},"b":{"0":[5,5]}}
,"/Users/strider/Desktop/Nest-Testing/02-nest-teslo-shop/src/auth/strategies/jwt.strategy.ts": {"path":"/Users/strider/Desktop/Nest-Testing/02-nest-teslo-shop/src/auth/strategies/jwt.strategy.ts","statementMap":{"0":{"start":{"line":1,"column":0},"end":{"line":1,"column":67}},"1":{"start":{"line":2,"column":0},"end":{"line":2,"column":47}},"2":{"start":{"line":3,"column":0},"end":{"line":3,"column":52}},"3":{"start":{"line":4,"column":0},"end":{"line":4,"column":51}},"4":{"start":{"line":5,"column":0},"end":{"line":5,"column":52}},"5":{"start":{"line":6,"column":0},"end":{"line":6,"column":37}},"6":{"start":{"line":7,"column":0},"end":{"line":7,"column":47}},"7":{"start":{"line":11,"column":7},"end":{"line":36,"column":null}},"8":{"start":{"line":18,"column":4},"end":{"line":21,"column":7}},"9":{"start":{"line":14,"column":21},"end":{"line":14,"column":37}},"10":{"start":{"line":25,"column":19},"end":{"line":25,"column":26}},"11":{"start":{"line":27,"column":17},"end":{"line":27,"column":60}},"12":{"start":{"line":29,"column":4},"end":{"line":29,"column":66}},"13":{"start":{"line":29,"column":15},"end":{"line":29,"column":66}},"14":{"start":{"line":31,"column":4},"end":{"line":32,"column":78}},"15":{"start":{"line":32,"column":6},"end":{"line":32,"column":78}},"16":{"start":{"line":34,"column":4},"end":{"line":34,"column":16}},"17":{"start":{"line":11,"column":13},"end":{"line":11,"column":24}},"18":{"start":{"line":11,"column":13},"end":{"line":36,"column":null}}},"fnMap":{"0":{"name":"(anonymous_4)","decl":{"start":{"line":12,"column":2},"end":{"line":12,"column":null}},"loc":{"start":{"line":16,"column":32},"end":{"line":22,"column":3}}},"1":{"name":"(anonymous_5)","decl":{"start":{"line":24,"column":2},"end":{"line":24,"column":7}},"loc":{"start":{"line":24,"column":36},"end":{"line":35,"column":3}}}},"branchMap":{"0":{"loc":{"start":{"line":29,"column":4},"end":{"line":29,"column":66}},"type":"if","locations":[{"start":{"line":29,"column":4},"end":{"line":29,"column":66}}]},"1":{"loc":{"start":{"line":31,"column":4},"end":{"line":32,"column":78}},"type":"if","locations":[{"start":{"line":31,"column":4},"end":{"line":32,"column":78}}]}},"s":{"0":5,"1":5,"2":5,"3":5,"4":5,"5":5,"6":5,"7":5,"8":11,"9":11,"10":1,"11":1,"12":1,"13":0,"14":1,"15":0,"16":1,"17":5,"18":5},"f":{"0":11,"1":1},"b":{"0":[0],"1":[0]}}
,"/Users/strider/Desktop/Nest-Testing/02-nest-teslo-shop/src/common/common.module.ts": {"path":"/Users/strider/Desktop/Nest-Testing/02-nest-teslo-shop/src/common/common.module.ts","statementMap":{"0":{"start":{"line":1,"column":0},"end":{"line":1,"column":40}},"1":{"start":{"line":4,"column":7},"end":{"line":4,"column":null}},"2":{"start":{"line":4,"column":13},"end":{"line":4,"column":25}},"3":{"start":{"line":4,"column":13},"end":{"line":4,"column":null}}},"fnMap":{},"branchMap":{},"s":{"0":5,"1":5,"2":5,"3":5},"f":{},"b":{}}
,"/Users/strider/Desktop/Nest-Testing/02-nest-teslo-shop/src/common/dtos/pagination.dto.ts": {"path":"/Users/strider/Desktop/Nest-Testing/02-nest-teslo-shop/src/common/dtos/pagination.dto.ts","statementMap":{"0":{"start":{"line":1,"column":0},"end":{"line":1,"column":46}},"1":{"start":{"line":3,"column":0},"end":{"line":3,"column":41}},"2":{"start":{"line":4,"column":0},"end":{"line":4,"column":68}},"3":{"start":{"line":6,"column":0},"end":{"line":6,"column":13}},"4":{"start":{"line":14,"column":2},"end":{"line":14,"column":null}},"5":{"start":{"line":13,"column":14},"end":{"line":13,"column":20}},"6":{"start":{"line":23,"column":2},"end":{"line":23,"column":null}},"7":{"start":{"line":22,"column":14},"end":{"line":22,"column":20}},"8":{"start":{"line":31,"column":2},"end":{"line":31,"column":null}}},"fnMap":{"0":{"name":"(anonymous_2)","decl":{"start":{"line":13,"column":8},"end":{"line":13,"column":11}},"loc":{"start":{"line":13,"column":14},"end":{"line":13,"column":20}}},"1":{"name":"(anonymous_3)","decl":{"start":{"line":22,"column":8},"end":{"line":22,"column":11}},"loc":{"start":{"line":22,"column":14},"end":{"line":22,"column":20}}}},"branchMap":{},"s":{"0":5,"1":5,"2":5,"3":5,"4":5,"5":0,"6":5,"7":0,"8":5},"f":{"0":0,"1":0},"b":{}}
,"/Users/strider/Desktop/Nest-Testing/02-nest-teslo-shop/src/files/files.controller.ts": {"path":"/Users/strider/Desktop/Nest-Testing/02-nest-teslo-shop/src/files/files.controller.ts","statementMap":{"0":{"start":{"line":1,"column":0},"end":{"line":1,"column":null}},"1":{"start":{"line":11,"column":0},"end":{"line":11,"column":47}},"2":{"start":{"line":12,"column":0},"end":{"line":12,"column":42}},"3":{"start":{"line":13,"column":0},"end":{"line":13,"column":59}},"4":{"start":{"line":16,"column":0},"end":{"line":16,"column":37}},"5":{"start":{"line":17,"column":0},"end":{"line":17,"column":47}},"6":{"start":{"line":19,"column":0},"end":{"line":19,"column":50}},"7":{"start":{"line":23,"column":7},"end":{"line":62,"column":null}},"8":{"start":{"line":25,"column":21},"end":{"line":25,"column":35}},"9":{"start":{"line":26,"column":21},"end":{"line":26,"column":36}},"10":{"start":{"line":34,"column":17},"end":{"line":34,"column":67}},"11":{"start":{"line":36,"column":4},"end":{"line":36,"column":23}},"12":{"start":{"line":51,"column":4},"end":{"line":53,"column":5}},"13":{"start":{"line":52,"column":6},"end":{"line":52,"column":75}},"14":{"start":{"line":56,"column":22},"end":{"line":58,"column":6}},"15":{"start":{"line":60,"column":4},"end":{"line":60,"column":50}},"16":{"start":{"line":23,"column":13},"end":{"line":23,"column":28}},"17":{"start":{"line":30,"column":2},"end":{"line":37,"column":null}},"18":{"start":{"line":50,"column":2},"end":{"line":61,"column":null}},"19":{"start":{"line":23,"column":13},"end":{"line":62,"column":null}}},"fnMap":{"0":{"name":"(anonymous_4)","decl":{"start":{"line":24,"column":2},"end":{"line":24,"column":null}},"loc":{"start":{"line":26,"column":49},"end":{"line":27,"column":6}}},"1":{"name":"(anonymous_5)","decl":{"start":{"line":30,"column":2},"end":{"line":30,"column":18}},"loc":{"start":{"line":32,"column":41},"end":{"line":37,"column":3}}},"2":{"name":"(anonymous_6)","decl":{"start":{"line":50,"column":2},"end":{"line":50,"column":20}},"loc":{"start":{"line":50,"column":62},"end":{"line":61,"column":3}}}},"branchMap":{"0":{"loc":{"start":{"line":51,"column":4},"end":{"line":53,"column":5}},"type":"if","locations":[{"start":{"line":51,"column":4},"end":{"line":53,"column":5}}]}},"s":{"0":5,"1":5,"2":5,"3":5,"4":5,"5":5,"6":5,"7":5,"8":11,"9":11,"10":1,"11":0,"12":3,"13":2,"14":1,"15":1,"16":5,"17":5,"18":5,"19":5},"f":{"0":11,"1":1,"2":3},"b":{"0":[2]}}
,"/Users/strider/Desktop/Nest-Testing/02-nest-teslo-shop/src/files/files.module.ts": {"path":"/Users/strider/Desktop/Nest-Testing/02-nest-teslo-shop/src/files/files.module.ts","statementMap":{"0":{"start":{"line":1,"column":0},"end":{"line":1,"column":40}},"1":{"start":{"line":2,"column":0},"end":{"line":2,"column":46}},"2":{"start":{"line":4,"column":0},"end":{"line":4,"column":47}},"3":{"start":{"line":5,"column":0},"end":{"line":5,"column":53}},"4":{"start":{"line":12,"column":7},"end":{"line":12,"column":null}},"5":{"start":{"line":12,"column":13},"end":{"line":12,"column":24}},"6":{"start":{"line":12,"column":13},"end":{"line":12,"column":null}}},"fnMap":{},"branchMap":{},"s":{"0":5,"1":5,"2":5,"3":5,"4":5,"5":5,"6":5},"f":{},"b":{}}
,"/Users/strider/Desktop/Nest-Testing/02-nest-teslo-shop/src/files/files.service.ts": {"path":"/Users/strider/Desktop/Nest-Testing/02-nest-teslo-shop/src/files/files.service.ts","statementMap":{"0":{"start":{"line":1,"column":0},"end":{"line":1,"column":32}},"1":{"start":{"line":2,"column":0},"end":{"line":2,"column":28}},"2":{"start":{"line":4,"column":0},"end":{"line":4,"column":65}},"3":{"start":{"line":7,"column":7},"end":{"line":16,"column":null}},"4":{"start":{"line":9,"column":17},"end":{"line":9,"column":68}},"5":{"start":{"line":11,"column":4},"end":{"line":12,"column":80}},"6":{"start":{"line":12,"column":6},"end":{"line":12,"column":80}},"7":{"start":{"line":14,"column":4},"end":{"line":14,"column":16}},"8":{"start":{"line":7,"column":13},"end":{"line":7,"column":25}},"9":{"start":{"line":7,"column":13},"end":{"line":16,"column":null}}},"fnMap":{"0":{"name":"(anonymous_1)","decl":{"start":{"line":8,"column":2},"end":{"line":8,"column":23}},"loc":{"start":{"line":8,"column":41},"end":{"line":15,"column":3}}}},"branchMap":{"0":{"loc":{"start":{"line":11,"column":4},"end":{"line":12,"column":80}},"type":"if","locations":[{"start":{"line":11,"column":4},"end":{"line":12,"column":80}}]}},"s":{"0":5,"1":5,"2":5,"3":5,"4":1,"5":1,"6":1,"7":0,"8":5,"9":5},"f":{"0":1},"b":{"0":[1]}}
,"/Users/strider/Desktop/Nest-Testing/02-nest-teslo-shop/src/files/helpers/fileFilter.helper.ts": {"path":"/Users/strider/Desktop/Nest-Testing/02-nest-teslo-shop/src/files/helpers/fileFilter.helper.ts","statementMap":{"0":{"start":{"line":1,"column":26},"end":{"line":17,"column":1}},"1":{"start":{"line":7,"column":2},"end":{"line":7,"column":64}},"2":{"start":{"line":7,"column":13},"end":{"line":7,"column":64}},"3":{"start":{"line":9,"column":24},"end":{"line":9,"column":51}},"4":{"start":{"line":10,"column":26},"end":{"line":10,"column":55}},"5":{"start":{"line":12,"column":2},"end":{"line":14,"column":3}},"6":{"start":{"line":13,"column":4},"end":{"line":13,"column":32}},"7":{"start":{"line":16,"column":2},"end":{"line":16,"column":24}},"8":{"start":{"line":1,"column":13},"end":{"line":1,"column":26}}},"fnMap":{"0":{"name":"(anonymous_0)","decl":{"start":{"line":1,"column":26},"end":{"line":1,"column":null}},"loc":{"start":{"line":5,"column":4},"end":{"line":17,"column":1}}}},"branchMap":{"0":{"loc":{"start":{"line":7,"column":2},"end":{"line":7,"column":64}},"type":"if","locations":[{"start":{"line":7,"column":2},"end":{"line":7,"column":64}}]},"1":{"loc":{"start":{"line":12,"column":2},"end":{"line":14,"column":3}},"type":"if","locations":[{"start":{"line":12,"column":2},"end":{"line":14,"column":3}}]}},"s":{"0":5,"1":2,"2":0,"3":2,"4":2,"5":2,"6":1,"7":1,"8":5},"f":{"0":2},"b":{"0":[0],"1":[1]}}
,"/Users/strider/Desktop/Nest-Testing/02-nest-teslo-shop/src/files/helpers/fileNamer.helper.ts": {"path":"/Users/strider/Desktop/Nest-Testing/02-nest-teslo-shop/src/files/helpers/fileNamer.helper.ts","statementMap":{"0":{"start":{"line":1,"column":0},"end":{"line":1,"column":33}},"1":{"start":{"line":3,"column":25},"end":{"line":15,"column":1}},"2":{"start":{"line":6,"column":4},"end":{"line":6,"column":70}},"3":{"start":{"line":6,"column":17},"end":{"line":6,"column":70}},"4":{"start":{"line":8,"column":26},"end":{"line":8,"column":53}},"5":{"start":{"line":10,"column":21},"end":{"line":10,"column":53}},"6":{"start":{"line":13,"column":4},"end":{"line":13,"column":30}},"7":{"start":{"line":3,"column":13},"end":{"line":3,"column":25}}},"fnMap":{"0":{"name":"(anonymous_0)","decl":{"start":{"line":3,"column":25},"end":{"line":3,"column":27}},"loc":{"start":{"line":3,"column":99},"end":{"line":15,"column":1}}}},"branchMap":{"0":{"loc":{"start":{"line":6,"column":4},"end":{"line":6,"column":70}},"type":"if","locations":[{"start":{"line":6,"column":4},"end":{"line":6,"column":70}}]}},"s":{"0":5,"1":5,"2":1,"3":0,"4":1,"5":1,"6":1,"7":5},"f":{"0":1},"b":{"0":[0]}}
,"/Users/strider/Desktop/Nest-Testing/02-nest-teslo-shop/src/files/helpers/index.ts": {"path":"/Users/strider/Desktop/Nest-Testing/02-nest-teslo-shop/src/files/helpers/index.ts","statementMap":{"0":{"start":{"line":1,"column":0},"end":{"line":1,"column":9}},"1":{"start":{"line":1,"column":9},"end":{"line":1,"column":47}},"2":{"start":{"line":2,"column":0},"end":{"line":2,"column":9}},"3":{"start":{"line":2,"column":9},"end":{"line":2,"column":49}}},"fnMap":{"0":{"name":"(anonymous_0)","decl":{"start":{"line":1,"column":9},"end":{"line":1,"column":18}},"loc":{"start":{"line":1,"column":9},"end":{"line":1,"column":47}}},"1":{"name":"(anonymous_1)","decl":{"start":{"line":2,"column":9},"end":{"line":2,"column":19}},"loc":{"start":{"line":2,"column":9},"end":{"line":2,"column":49}}}},"branchMap":{},"s":{"0":5,"1":10,"2":5,"3":10},"f":{"0":5,"1":5},"b":{}}
,"/Users/strider/Desktop/Nest-Testing/02-nest-teslo-shop/src/products/products.controller.ts": {"path":"/Users/strider/Desktop/Nest-Testing/02-nest-teslo-shop/src/products/products.controller.ts","statementMap":{"0":{"start":{"line":1,"column":0},"end":{"line":1,"column":null}},"1":{"start":{"line":12,"column":0},"end":{"line":12,"column":55}},"2":{"start":{"line":14,"column":0},"end":{"line":14,"column":52}},"3":{"start":{"line":15,"column":0},"end":{"line":15,"column":53}},"4":{"start":{"line":16,"column":0},"end":{"line":16,"column":60}},"5":{"start":{"line":17,"column":0},"end":{"line":17,"column":60}},"6":{"start":{"line":18,"column":0},"end":{"line":18,"column":64}},"7":{"start":{"line":20,"column":0},"end":{"line":20,"column":51}},"8":{"start":{"line":21,"column":0},"end":{"line":21,"column":52}},"9":{"start":{"line":22,"column":0},"end":{"line":22,"column":48}},"10":{"start":{"line":26,"column":7},"end":{"line":68,"column":null}},"11":{"start":{"line":27,"column":31},"end":{"line":27,"column":48}},"12":{"start":{"line":39,"column":4},"end":{"line":39,"column":63}},"13":{"start":{"line":45,"column":4},"end":{"line":45,"column":55}},"14":{"start":{"line":50,"column":4},"end":{"line":50,"column":51}},"15":{"start":{"line":60,"column":4},"end":{"line":60,"column":67}},"16":{"start":{"line":66,"column":4},"end":{"line":66,"column":43}},"17":{"start":{"line":26,"column":13},"end":{"line":26,"column":31}},"18":{"start":{"line":38,"column":2},"end":{"line":40,"column":null}},"19":{"start":{"line":43,"column":2},"end":{"line":46,"column":null}},"20":{"start":{"line":49,"column":2},"end":{"line":51,"column":null}},"21":{"start":{"line":55,"column":2},"end":{"line":61,"column":null}},"22":{"start":{"line":65,"column":2},"end":{"line":67,"column":null}},"23":{"start":{"line":26,"column":13},"end":{"line":68,"column":null}}},"fnMap":{"0":{"name":"(anonymous_4)","decl":{"start":{"line":27,"column":2},"end":{"line":27,"column":31}},"loc":{"start":{"line":27,"column":63},"end":{"line":27,"column":67}}},"1":{"name":"(anonymous_5)","decl":{"start":{"line":38,"column":2},"end":{"line":38,"column":8}},"loc":{"start":{"line":38,"column":74},"end":{"line":40,"column":3}}},"2":{"name":"(anonymous_6)","decl":{"start":{"line":43,"column":2},"end":{"line":43,"column":9}},"loc":{"start":{"line":43,"column":47},"end":{"line":46,"column":3}}},"3":{"name":"(anonymous_7)","decl":{"start":{"line":49,"column":2},"end":{"line":49,"column":9}},"loc":{"start":{"line":49,"column":37},"end":{"line":51,"column":3}}},"4":{"name":"(anonymous_8)","decl":{"start":{"line":55,"column":2},"end":{"line":55,"column":8}},"loc":{"start":{"line":58,"column":25},"end":{"line":61,"column":3}}},"5":{"name":"(anonymous_9)","decl":{"start":{"line":65,"column":2},"end":{"line":65,"column":8}},"loc":{"start":{"line":65,"column":47},"end":{"line":67,"column":3}}}},"branchMap":{},"s":{"0":5,"1":5,"2":5,"3":5,"4":5,"5":5,"6":5,"7":5,"8":5,"9":5,"10":5,"11":11,"12":0,"13":0,"14":0,"15":0,"16":0,"17":5,"18":5,"19":5,"20":5,"21":5,"22":5,"23":5},"f":{"0":11,"1":0,"2":0,"3":0,"4":0,"5":0},"b":{}}
,"/Users/strider/Desktop/Nest-Testing/02-nest-teslo-shop/src/products/products.module.ts": {"path":"/Users/strider/Desktop/Nest-Testing/02-nest-teslo-shop/src/products/products.module.ts","statementMap":{"0":{"start":{"line":1,"column":0},"end":{"line":1,"column":48}},"1":{"start":{"line":2,"column":0},"end":{"line":2,"column":40}},"2":{"start":{"line":4,"column":0},"end":{"line":4,"column":51}},"3":{"start":{"line":6,"column":0},"end":{"line":6,"column":59}},"4":{"start":{"line":7,"column":0},"end":{"line":7,"column":53}},"5":{"start":{"line":9,"column":0},"end":{"line":9,"column":51}},"6":{"start":{"line":23,"column":7},"end":{"line":23,"column":null}},"7":{"start":{"line":23,"column":13},"end":{"line":23,"column":27}},"8":{"start":{"line":23,"column":13},"end":{"line":23,"column":null}}},"fnMap":{},"branchMap":{},"s":{"0":5,"1":5,"2":5,"3":5,"4":5,"5":5,"6":5,"7":5,"8":5},"f":{},"b":{}}
,"/Users/strider/Desktop/Nest-Testing/02-nest-teslo-shop/src/products/products.service.ts": {"path":"/Users/strider/Desktop/Nest-Testing/02-nest-teslo-shop/src/products/products.service.ts","statementMap":{"0":{"start":{"line":1,"column":0},"end":{"line":1,"column":null}},"1":{"start":{"line":8,"column":0},"end":{"line":8,"column":51}},"2":{"start":{"line":9,"column":0},"end":{"line":9,"column":49}},"3":{"start":{"line":15,"column":0},"end":{"line":15,"column":42}},"4":{"start":{"line":16,"column":0},"end":{"line":16,"column":51}},"5":{"start":{"line":20,"column":7},"end":{"line":173,"column":null}},"6":{"start":{"line":25,"column":21},"end":{"line":25,"column":40}},"7":{"start":{"line":28,"column":21},"end":{"line":28,"column":45}},"8":{"start":{"line":30,"column":21},"end":{"line":30,"column":33}},"9":{"start":{"line":21,"column":19},"end":{"line":21,"column":58}},"10":{"start":{"line":34,"column":4},"end":{"line":50,"column":5}},"11":{"start":{"line":35,"column":49},"end":{"line":35,"column":65}},"12":{"start":{"line":37,"column":22},"end":{"line":43,"column":8}},"13":{"start":{"line":40,"column":10},"end":{"line":40,"column":60}},"14":{"start":{"line":45,"column":6},"end":{"line":45,"column":49}},"15":{"start":{"line":47,"column":6},"end":{"line":47,"column":36}},"16":{"start":{"line":49,"column":6},"end":{"line":49,"column":37}},"17":{"start":{"line":54,"column":52},"end":{"line":54,"column":65}},"18":{"start":{"line":56,"column":21},"end":{"line":66,"column":6}},"19":{"start":{"line":68,"column":26},"end":{"line":70,"column":6}},"20":{"start":{"line":72,"column":4},"end":{"line":79,"column":6}},"21":{"start":{"line":75,"column":43},"end":{"line":78,"column":8}},"22":{"start":{"line":77,"column":44},"end":{"line":77,"column":51}},"23":{"start":{"line":85,"column":4},"end":{"line":96,"column":5}},"24":{"start":{"line":86,"column":6},"end":{"line":86,"column":69}},"25":{"start":{"line":88,"column":27},"end":{"line":88,"column":76}},"26":{"start":{"line":89,"column":6},"end":{"line":95,"column":18}},"27":{"start":{"line":98,"column":4},"end":{"line":98,"column":80}},"28":{"start":{"line":98,"column":18},"end":{"line":98,"column":80}},"29":{"start":{"line":100,"column":4},"end":{"line":100,"column":19}},"30":{"start":{"line":104,"column":37},"end":{"line":104,"column":61}},"31":{"start":{"line":105,"column":4},"end":{"line":108,"column":6}},"32":{"start":{"line":107,"column":36},"end":{"line":107,"column":45}},"33":{"start":{"line":112,"column":36},"end":{"line":112,"column":52}},"34":{"start":{"line":114,"column":20},"end":{"line":114,"column":77}},"35":{"start":{"line":116,"column":4},"end":{"line":117,"column":70}},"36":{"start":{"line":117,"column":6},"end":{"line":117,"column":70}},"37":{"start":{"line":120,"column":24},"end":{"line":120,"column":59}},"38":{"start":{"line":121,"column":4},"end":{"line":121,"column":32}},"39":{"start":{"line":122,"column":4},"end":{"line":122,"column":41}},"40":{"start":{"line":124,"column":4},"end":{"line":146,"column":5}},"41":{"start":{"line":125,"column":6},"end":{"line":131,"column":7}},"42":{"start":{"line":126,"column":8},"end":{"line":126,"column":76}},"43":{"start":{"line":128,"column":8},"end":{"line":130,"column":10}},"44":{"start":{"line":129,"column":10},"end":{"line":129,"column":60}},"45":{"start":{"line":134,"column":6},"end":{"line":134,"column":26}},"46":{"start":{"line":136,"column":6},"end":{"line":136,"column":46}},"47":{"start":{"line":138,"column":6},"end":{"line":138,"column":44}},"48":{"start":{"line":139,"column":6},"end":{"line":139,"column":34}},"49":{"start":{"line":141,"column":6},"end":{"line":141,"column":35}},"50":{"start":{"line":143,"column":6},"end":{"line":143,"column":46}},"51":{"start":{"line":144,"column":6},"end":{"line":144,"column":34}},"52":{"start":{"line":145,"column":6},"end":{"line":145,"column":37}},"53":{"start":{"line":150,"column":20},"end":{"line":150,"column":42}},"54":{"start":{"line":151,"column":4},"end":{"line":151,"column":49}},"55":{"start":{"line":155,"column":4},"end":{"line":155,"column":76}},"56":{"start":{"line":155,"column":32},"end":{"line":155,"column":76}},"57":{"start":{"line":157,"column":4},"end":{"line":157,"column":29}},"58":{"start":{"line":159,"column":4},"end":{"line":161,"column":6}},"59":{"start":{"line":165,"column":18},"end":{"line":165,"column":70}},"60":{"start":{"line":167,"column":4},"end":{"line":171,"column":5}},"61":{"start":{"line":168,"column":6},"end":{"line":168,"column":54}},"62":{"start":{"line":170,"column":6},"end":{"line":170,"column":37}},"63":{"start":{"line":20,"column":13},"end":{"line":20,"column":28}},"64":{"start":{"line":20,"column":13},"end":{"line":173,"column":null}}},"fnMap":{"0":{"name":"(anonymous_4)","decl":{"start":{"line":23,"column":2},"end":{"line":23,"column":null}},"loc":{"start":{"line":30,"column":43},"end":{"line":31,"column":6}}},"1":{"name":"(anonymous_5)","decl":{"start":{"line":33,"column":2},"end":{"line":33,"column":7}},"loc":{"start":{"line":33,"column":61},"end":{"line":51,"column":3}}},"2":{"name":"(anonymous_6)","decl":{"start":{"line":39,"column":27},"end":{"line":39,"column":28}},"loc":{"start":{"line":40,"column":10},"end":{"line":40,"column":60}}},"3":{"name":"(anonymous_7)","decl":{"start":{"line":53,"column":2},"end":{"line":53,"column":7}},"loc":{"start":{"line":53,"column":44},"end":{"line":80,"column":3}}},"4":{"name":"(anonymous_8)","decl":{"start":{"line":75,"column":29},"end":{"line":75,"column":30}},"loc":{"start":{"line":75,"column":43},"end":{"line":78,"column":8}}},"5":{"name":"(anonymous_9)","decl":{"start":{"line":77,"column":35},"end":{"line":77,"column":36}},"loc":{"start":{"line":77,"column":44},"end":{"line":77,"column":51}}},"6":{"name":"(anonymous_10)","decl":{"start":{"line":82,"column":2},"end":{"line":82,"column":7}},"loc":{"start":{"line":82,"column":28},"end":{"line":101,"column":3}}},"7":{"name":"(anonymous_11)","decl":{"start":{"line":103,"column":2},"end":{"line":103,"column":7}},"loc":{"start":{"line":103,"column":33},"end":{"line":109,"column":3}}},"8":{"name":"(anonymous_12)","decl":{"start":{"line":107,"column":25},"end":{"line":107,"column":26}},"loc":{"start":{"line":107,"column":36},"end":{"line":107,"column":45}}},"9":{"name":"(anonymous_13)","decl":{"start":{"line":111,"column":2},"end":{"line":111,"column":7}},"loc":{"start":{"line":111,"column":73},"end":{"line":147,"column":3}}},"10":{"name":"(anonymous_14)","decl":{"start":{"line":128,"column":36},"end":{"line":128,"column":37}},"loc":{"start":{"line":129,"column":10},"end":{"line":129,"column":60}}},"11":{"name":"(anonymous_15)","decl":{"start":{"line":149,"column":2},"end":{"line":149,"column":7}},"loc":{"start":{"line":149,"column":25},"end":{"line":152,"column":3}}},"12":{"name":"(anonymous_16)","decl":{"start":{"line":154,"column":10},"end":{"line":154,"column":28}},"loc":{"start":{"line":154,"column":39},"end":{"line":162,"column":3}}},"13":{"name":"(anonymous_17)","decl":{"start":{"line":164,"column":2},"end":{"line":164,"column":7}},"loc":{"start":{"line":164,"column":25},"end":{"line":172,"column":3}}}},"branchMap":{"0":{"loc":{"start":{"line":35,"column":14},"end":{"line":35,"column":25}},"type":"default-arg","locations":[{"start":{"line":35,"column":23},"end":{"line":35,"column":25}}]},"1":{"loc":{"start":{"line":54,"column":12},"end":{"line":54,"column":22}},"type":"default-arg","locations":[{"start":{"line":54,"column":20},"end":{"line":54,"column":22}}]},"2":{"loc":{"start":{"line":54,"column":24},"end":{"line":54,"column":34}},"type":"default-arg","locations":[{"start":{"line":54,"column":33},"end":{"line":54,"column":34}}]},"3":{"loc":{"start":{"line":54,"column":36},"end":{"line":54,"column":47}},"type":"default-arg","locations":[{"start":{"line":54,"column":45},"end":{"line":54,"column":47}}]},"4":{"loc":{"start":{"line":65,"column":13},"end":{"line":65,"column":61}},"type":"cond-expr","locations":[{"start":{"line":65,"column":22},"end":{"line":65,"column":56}},{"start":{"line":65,"column":59},"end":{"line":65,"column":61}}]},"5":{"loc":{"start":{"line":69,"column":13},"end":{"line":69,"column":61}},"type":"cond-expr","locations":[{"start":{"line":69,"column":22},"end":{"line":69,"column":56}},{"start":{"line":69,"column":59},"end":{"line":69,"column":61}}]},"6":{"loc":{"start":{"line":85,"column":4},"end":{"line":96,"column":5}},"type":"if","locations":[{"start":{"line":85,"column":4},"end":{"line":96,"column":5}},{"start":{"line":87,"column":11},"end":{"line":96,"column":5}}]},"7":{"loc":{"start":{"line":98,"column":4},"end":{"line":98,"column":80}},"type":"if","locations":[{"start":{"line":98,"column":4},"end":{"line":98,"column":80}}]},"8":{"loc":{"start":{"line":104,"column":12},"end":{"line":104,"column":23}},"type":"default-arg","locations":[{"start":{"line":104,"column":21},"end":{"line":104,"column":23}}]},"9":{"loc":{"start":{"line":116,"column":4},"end":{"line":117,"column":70}},"type":"if","locations":[{"start":{"line":116,"column":4},"end":{"line":117,"column":70}}]},"10":{"loc":{"start":{"line":125,"column":6},"end":{"line":131,"column":7}},"type":"if","locations":[{"start":{"line":125,"column":6},"end":{"line":131,"column":7}}]},"11":{"loc":{"start":{"line":155,"column":4},"end":{"line":155,"column":76}},"type":"if","locations":[{"start":{"line":155,"column":4},"end":{"line":155,"column":76}}]}},"s":{"0":5,"1":5,"2":5,"3":5,"4":5,"5":5,"6":11,"7":11,"8":11,"9":11,"10":0,"11":0,"12":0,"13":0,"14":0,"15":0,"16":0,"17":0,"18":0,"19":0,"20":0,"21":0,"22":0,"23":0,"24":0,"25":0,"26":0,"27":0,"28":0,"29":0,"30":0,"31":0,"32":0,"33":0,"34":0,"35":0,"36":0,"37":0,"38":0,"39":0,"40":0,"41":0,"42":0,"43":0,"44":0,"45":0,"46":0,"47":0,"48":0,"49":0,"50":0,"51":0,"52":0,"53":0,"54":0,"55":0,"56":0,"57":0,"58":0,"59":0,"60":0,"61":0,"62":0,"63":5,"64":5},"f":{"0":11,"1":0,"2":0,"3":0,"4":0,"5":0,"6":0,"7":0,"8":0,"9":0,"10":0,"11":0,"12":0,"13":0},"b":{"0":[0],"1":[0],"2":[0],"3":[0],"4":[0,0],"5":[0,0],"6":[0,0],"7":[0],"8":[0],"9":[0],"10":[0],"11":[0]}}
,"/Users/strider/Desktop/Nest-Testing/02-nest-teslo-shop/src/products/dto/create-product.dto.ts": {"path":"/Users/strider/Desktop/Nest-Testing/02-nest-teslo-shop/src/products/dto/create-product.dto.ts","statementMap":{"0":{"start":{"line":1,"column":0},"end":{"line":1,"column":46}},"1":{"start":{"line":2,"column":0},"end":{"line":2,"column":null}},"2":{"start":{"line":7,"column":0},"end":{"line":7,"column":13}},"3":{"start":{"line":16,"column":4},"end":{"line":16,"column":null}},"4":{"start":{"line":22,"column":4},"end":{"line":22,"column":null}},"5":{"start":{"line":27,"column":4},"end":{"line":27,"column":null}},"6":{"start":{"line":32,"column":4},"end":{"line":32,"column":null}},"7":{"start":{"line":38,"column":4},"end":{"line":38,"column":null}},"8":{"start":{"line":43,"column":4},"end":{"line":43,"column":null}},"9":{"start":{"line":47,"column":4},"end":{"line":47,"column":null}},"10":{"start":{"line":53,"column":4},"end":{"line":53,"column":null}},"11":{"start":{"line":59,"column":4},"end":{"line":59,"column":null}}},"fnMap":{},"branchMap":{},"s":{"0":5,"1":5,"2":5,"3":5,"4":5,"5":5,"6":5,"7":5,"8":5,"9":5,"10":5,"11":5},"f":{},"b":{}}
,"/Users/strider/Desktop/Nest-Testing/02-nest-teslo-shop/src/products/dto/update-product.dto.ts": {"path":"/Users/strider/Desktop/Nest-Testing/02-nest-teslo-shop/src/products/dto/update-product.dto.ts","statementMap":{"0":{"start":{"line":2,"column":0},"end":{"line":2,"column":46}},"1":{"start":{"line":3,"column":0},"end":{"line":3,"column":56}},"2":{"start":{"line":5,"column":0},"end":{"line":5,"column":13}}},"fnMap":{},"branchMap":{},"s":{"0":5,"1":5,"2":5},"f":{},"b":{}}
,"/Users/strider/Desktop/Nest-Testing/02-nest-teslo-shop/src/products/entities/index.ts": {"path":"/Users/strider/Desktop/Nest-Testing/02-nest-teslo-shop/src/products/entities/index.ts","statementMap":{"0":{"start":{"line":1,"column":0},"end":{"line":1,"column":9}},"1":{"start":{"line":1,"column":9},"end":{"line":1,"column":43}},"2":{"start":{"line":2,"column":0},"end":{"line":2,"column":9}},"3":{"start":{"line":2,"column":9},"end":{"line":2,"column":54}}},"fnMap":{"0":{"name":"(anonymous_0)","decl":{"start":{"line":1,"column":9},"end":{"line":1,"column":16}},"loc":{"start":{"line":1,"column":9},"end":{"line":1,"column":43}}},"1":{"name":"(anonymous_1)","decl":{"start":{"line":2,"column":9},"end":{"line":2,"column":21}},"loc":{"start":{"line":2,"column":9},"end":{"line":2,"column":54}}}},"branchMap":{},"s":{"0":5,"1":47,"2":5,"3":26},"f":{"0":42,"1":21},"b":{}}
,"/Users/strider/Desktop/Nest-Testing/02-nest-teslo-shop/src/products/entities/product-image.entity.ts": {"path":"/Users/strider/Desktop/Nest-Testing/02-nest-teslo-shop/src/products/entities/product-image.entity.ts","statementMap":{"0":{"start":{"line":1,"column":0},"end":{"line":1,"column":29}},"1":{"start":{"line":2,"column":0},"end":{"line":2,"column":76}},"2":{"start":{"line":6,"column":7},"end":{"line":21,"column":null}},"3":{"start":{"line":6,"column":13},"end":{"line":6,"column":25}},"4":{"start":{"line":9,"column":4},"end":{"line":9,"column":null}},"5":{"start":{"line":12,"column":4},"end":{"line":12,"column":null}},"6":{"start":{"line":19,"column":4},"end":{"line":19,"column":null}},"7":{"start":{"line":15,"column":14},"end":{"line":15,"column":21}},"8":{"start":{"line":16,"column":23},"end":{"line":16,"column":37}},"9":{"start":{"line":6,"column":13},"end":{"line":21,"column":null}}},"fnMap":{"0":{"name":"(anonymous_2)","decl":{"start":{"line":15,"column":8},"end":{"line":15,"column":11}},"loc":{"start":{"line":15,"column":14},"end":{"line":15,"column":21}}},"1":{"name":"(anonymous_3)","decl":{"start":{"line":16,"column":8},"end":{"line":16,"column":10}},"loc":{"start":{"line":16,"column":23},"end":{"line":16,"column":37}}}},"branchMap":{},"s":{"0":5,"1":5,"2":5,"3":5,"4":5,"5":5,"6":5,"7":11,"8":11,"9":5},"f":{"0":11,"1":11},"b":{}}
,"/Users/strider/Desktop/Nest-Testing/02-nest-teslo-shop/src/products/entities/product.entity.ts": {"path":"/Users/strider/Desktop/Nest-Testing/02-nest-teslo-shop/src/products/entities/product.entity.ts","statementMap":{"0":{"start":{"line":1,"column":0},"end":{"line":1,"column":115}},"1":{"start":{"line":2,"column":0},"end":{"line":2,"column":46}},"2":{"start":{"line":4,"column":0},"end":{"line":4,"column":34}},"3":{"start":{"line":5,"column":0},"end":{"line":5,"column":55}},"4":{"start":{"line":8,"column":7},"end":{"line":132,"column":null}},"5":{"start":{"line":112,"column":8},"end":{"line":114,"column":9}},"6":{"start":{"line":113,"column":12},"end":{"line":113,"column":35}},"7":{"start":{"line":116,"column":8},"end":{"line":119,"column":null}},"8":{"start":{"line":125,"column":8},"end":{"line":128,"column":null}},"9":{"start":{"line":8,"column":13},"end":{"line":8,"column":20}},"10":{"start":{"line":16,"column":4},"end":{"line":16,"column":null}},"11":{"start":{"line":26,"column":4},"end":{"line":26,"column":null}},"12":{"start":{"line":35,"column":4},"end":{"line":35,"column":null}},"13":{"start":{"line":46,"column":4},"end":{"line":46,"column":null}},"14":{"start":{"line":56,"column":4},"end":{"line":56,"column":null}},"15":{"start":{"line":66,"column":4},"end":{"line":66,"column":null}},"16":{"start":{"line":75,"column":4},"end":{"line":75,"column":null}},"17":{"start":{"line":82,"column":4},"end":{"line":82,"column":null}},"18":{"start":{"line":89,"column":4},"end":{"line":89,"column":null}},"19":{"start":{"line":98,"column":4},"end":{"line":98,"column":null}},"20":{"start":{"line":94,"column":14},"end":{"line":94,"column":26}},"21":{"start":{"line":95,"column":26},"end":{"line":95,"column":46}},"22":{"start":{"line":106,"column":4},"end":{"line":106,"column":null}},"23":{"start":{"line":102,"column":14},"end":{"line":102,"column":18}},"24":{"start":{"line":103,"column":20},"end":{"line":103,"column":32}},"25":{"start":{"line":110,"column":4},"end":{"line":121,"column":null}},"26":{"start":{"line":124,"column":4},"end":{"line":129,"column":null}},"27":{"start":{"line":8,"column":13},"end":{"line":132,"column":null}}},"fnMap":{"0":{"name":"(anonymous_2)","decl":{"start":{"line":110,"column":4},"end":{"line":110,"column":19}},"loc":{"start":{"line":110,"column":19},"end":{"line":121,"column":5}}},"1":{"name":"(anonymous_3)","decl":{"start":{"line":124,"column":4},"end":{"line":124,"column":19}},"loc":{"start":{"line":124,"column":19},"end":{"line":129,"column":5}}},"2":{"name":"(anonymous_4)","decl":{"start":{"line":94,"column":8},"end":{"line":94,"column":11}},"loc":{"start":{"line":94,"column":14},"end":{"line":94,"column":26}}},"3":{"name":"(anonymous_5)","decl":{"start":{"line":95,"column":8},"end":{"line":95,"column":9}},"loc":{"start":{"line":95,"column":26},"end":{"line":95,"column":46}}},"4":{"name":"(anonymous_6)","decl":{"start":{"line":102,"column":8},"end":{"line":102,"column":11}},"loc":{"start":{"line":102,"column":14},"end":{"line":102,"column":18}}},"5":{"name":"(anonymous_7)","decl":{"start":{"line":103,"column":8},"end":{"line":103,"column":10}},"loc":{"start":{"line":103,"column":20},"end":{"line":103,"column":32}}}},"branchMap":{"0":{"loc":{"start":{"line":112,"column":8},"end":{"line":114,"column":9}},"type":"if","locations":[{"start":{"line":112,"column":8},"end":{"line":114,"column":9}}]}},"s":{"0":5,"1":5,"2":5,"3":5,"4":5,"5":0,"6":0,"7":0,"8":0,"9":5,"10":5,"11":5,"12":5,"13":5,"14":5,"15":5,"16":5,"17":5,"18":5,"19":5,"20":11,"21":11,"22":5,"23":11,"24":11,"25":5,"26":5,"27":5},"f":{"0":0,"1":0,"2":11,"3":11,"4":11,"5":11},"b":{"0":[0]}}
,"/Users/strider/Desktop/Nest-Testing/02-nest-teslo-shop/src/seed/seed.controller.ts": {"path":"/Users/strider/Desktop/Nest-Testing/02-nest-teslo-shop/src/seed/seed.controller.ts","statementMap":{"0":{"start":{"line":1,"column":0},"end":{"line":1,"column":49}},"1":{"start":{"line":2,"column":0},"end":{"line":2,"column":69}},"2":{"start":{"line":7,"column":0},"end":{"line":7,"column":45}},"3":{"start":{"line":11,"column":7},"end":{"line":25,"column":null}},"4":{"start":{"line":12,"column":31},"end":{"line":12,"column":44}},"5":{"start":{"line":23,"column":4},"end":{"line":23,"column":38}},"6":{"start":{"line":11,"column":13},"end":{"line":11,"column":27}},"7":{"start":{"line":22,"column":2},"end":{"line":24,"column":null}},"8":{"start":{"line":11,"column":13},"end":{"line":25,"column":null}}},"fnMap":{"0":{"name":"(anonymous_2)","decl":{"start":{"line":12,"column":2},"end":{"line":12,"column":31}},"loc":{"start":{"line":12,"column":55},"end":{"line":12,"column":59}}},"1":{"name":"(anonymous_3)","decl":{"start":{"line":22,"column":2},"end":{"line":22,"column":13}},"loc":{"start":{"line":22,"column":13},"end":{"line":24,"column":3}}}},"branchMap":{},"s":{"0":5,"1":5,"2":5,"3":5,"4":11,"5":0,"6":5,"7":5,"8":5},"f":{"0":11,"1":0},"b":{}}
,"/Users/strider/Desktop/Nest-Testing/02-nest-teslo-shop/src/seed/seed.module.ts": {"path":"/Users/strider/Desktop/Nest-Testing/02-nest-teslo-shop/src/seed/seed.module.ts","statementMap":{"0":{"start":{"line":1,"column":0},"end":{"line":1,"column":40}},"1":{"start":{"line":3,"column":0},"end":{"line":3,"column":51}},"2":{"start":{"line":4,"column":0},"end":{"line":4,"column":63}},"3":{"start":{"line":6,"column":0},"end":{"line":6,"column":45}},"4":{"start":{"line":7,"column":0},"end":{"line":7,"column":51}},"5":{"start":{"line":17,"column":7},"end":{"line":17,"column":null}},"6":{"start":{"line":17,"column":13},"end":{"line":17,"column":23}},"7":{"start":{"line":17,"column":13},"end":{"line":17,"column":null}}},"fnMap":{},"branchMap":{},"s":{"0":5,"1":5,"2":5,"3":5,"4":5,"5":5,"6":5,"7":5},"f":{},"b":{}}
,"/Users/strider/Desktop/Nest-Testing/02-nest-teslo-shop/src/seed/seed.service.ts": {"path":"/Users/strider/Desktop/Nest-Testing/02-nest-teslo-shop/src/seed/seed.service.ts","statementMap":{"0":{"start":{"line":1,"column":0},"end":{"line":1,"column":44}},"1":{"start":{"line":2,"column":0},"end":{"line":2,"column":37}},"2":{"start":{"line":3,"column":0},"end":{"line":3,"column":51}},"3":{"start":{"line":4,"column":0},"end":{"line":4,"column":65}},"4":{"start":{"line":5,"column":0},"end":{"line":5,"column":47}},"5":{"start":{"line":6,"column":0},"end":{"line":6,"column":52}},"6":{"start":{"line":10,"column":7},"end":{"line":76,"column":null}},"7":{"start":{"line":13,"column":21},"end":{"line":13,"column":38}},"8":{"start":{"line":16,"column":21},"end":{"line":16,"column":37}},"9":{"start":{"line":22,"column":4},"end":{"line":22,"column":30}},"10":{"start":{"line":23,"column":22},"end":{"line":23,"column":46}},"11":{"start":{"line":25,"column":4},"end":{"line":25,"column":46}},"12":{"start":{"line":27,"column":4},"end":{"line":27,"column":27}},"13":{"start":{"line":32,"column":4},"end":{"line":32,"column":51}},"14":{"start":{"line":34,"column":25},"end":{"line":34,"column":65}},"15":{"start":{"line":35,"column":4},"end":{"line":38,"column":null}},"16":{"start":{"line":44,"column":22},"end":{"line":44,"column":39}},"17":{"start":{"line":46,"column":26},"end":{"line":46,"column":28}},"18":{"start":{"line":48,"column":4},"end":{"line":50,"column":7}},"19":{"start":{"line":49,"column":6},"end":{"line":49,"column":null}},"20":{"start":{"line":52,"column":20},"end":{"line":52,"column":63}},"21":{"start":{"line":54,"column":4},"end":{"line":54,"column":22}},"22":{"start":{"line":59,"column":4},"end":{"line":59,"column":51}},"23":{"start":{"line":61,"column":21},"end":{"line":61,"column":41}},"24":{"start":{"line":63,"column":27},"end":{"line":63,"column":29}},"25":{"start":{"line":65,"column":4},"end":{"line":67,"column":7}},"26":{"start":{"line":66,"column":6},"end":{"line":66,"column":74}},"27":{"start":{"line":69,"column":4},"end":{"line":69,"column":40}},"28":{"start":{"line":72,"column":4},"end":{"line":72,"column":16}},"29":{"start":{"line":10,"column":13},"end":{"line":10,"column":24}},"30":{"start":{"line":10,"column":13},"end":{"line":76,"column":null}}},"fnMap":{"0":{"name":"(anonymous_4)","decl":{"start":{"line":12,"column":2},"end":{"line":12,"column":null}},"loc":{"start":{"line":16,"column":53},"end":{"line":17,"column":6}}},"1":{"name":"(anonymous_5)","decl":{"start":{"line":20,"column":2},"end":{"line":20,"column":7}},"loc":{"start":{"line":20,"column":15},"end":{"line":28,"column":3}}},"2":{"name":"(anonymous_6)","decl":{"start":{"line":30,"column":10},"end":{"line":30,"column":15}},"loc":{"start":{"line":30,"column":28},"end":{"line":40,"column":3}}},"3":{"name":"(anonymous_7)","decl":{"start":{"line":42,"column":10},"end":{"line":42,"column":15}},"loc":{"start":{"line":42,"column":27},"end":{"line":55,"column":3}}},"4":{"name":"(anonymous_8)","decl":{"start":{"line":48,"column":23},"end":{"line":48,"column":27}},"loc":{"start":{"line":48,"column":30},"end":{"line":50,"column":5}}},"5":{"name":"(anonymous_9)","decl":{"start":{"line":58,"column":10},"end":{"line":58,"column":15}},"loc":{"start":{"line":58,"column":45},"end":{"line":73,"column":3}}},"6":{"name":"(anonymous_10)","decl":{"start":{"line":65,"column":22},"end":{"line":65,"column":29}},"loc":{"start":{"line":65,"column":32},"end":{"line":67,"column":5}}}},"branchMap":{},"s":{"0":5,"1":5,"2":5,"3":5,"4":5,"5":5,"6":5,"7":11,"8":11,"9":0,"10":0,"11":0,"12":0,"13":0,"14":0,"15":0,"16":0,"17":0,"18":0,"19":0,"20":0,"21":0,"22":0,"23":0,"24":0,"25":0,"26":0,"27":0,"28":0,"29":5,"30":5},"f":{"0":11,"1":0,"2":0,"3":0,"4":0,"5":0,"6":0},"b":{}}
,"/Users/strider/Desktop/Nest-Testing/02-nest-teslo-shop/src/seed/data/seed-data.ts": {"path":"/Users/strider/Desktop/Nest-Testing/02-nest-teslo-shop/src/seed/data/seed-data.ts","statementMap":{"0":{"start":{"line":1,"column":0},"end":{"line":1,"column":33}},"1":{"start":{"line":33,"column":13},"end":{"line":834,"column":null}}},"fnMap":{},"branchMap":{},"s":{"0":5,"1":5},"f":{},"b":{}}
}
