TN:
SF:src/app.module.ts
FNF:0
FNH:0
DA:1,5
DA:3,5
DA:4,5
DA:5,5
DA:6,5
DA:8,5
DA:9,5
DA:10,5
DA:11,5
DA:12,5
DA:49,5
LF:11
LH:11
BRDA:22,0,0,0
BRDA:22,0,1,5
BRF:2
BRH:1
end_of_record
TN:
SF:src/auth/auth.controller.ts
FN:28,(anonymous_4)
FN:31,(anonymous_5)
FN:36,(anonymous_6)
FN:42,(anonymous_7)
FN:48,(anonymous_8)
FN:71,(anonymous_9)
FN:80,(anonymous_10)
FNF:7
FNH:4
FNDA:11,(anonymous_4)
FNDA:7,(anonymous_5)
FNDA:3,(anonymous_6)
FNDA:0,(anonymous_7)
FNDA:0,(anonymous_8)
FNDA:0,(anonymous_9)
FNDA:1,(anonymous_10)
DA:1,5
DA:11,5
DA:12,5
DA:16,5
DA:17,5
DA:18,5
DA:20,5
DA:21,5
DA:22,5
DA:23,5
DA:27,5
DA:28,11
DA:31,5
DA:32,7
DA:36,5
DA:37,3
DA:42,5
DA:43,0
DA:48,5
DA:56,0
DA:71,5
DA:72,0
DA:80,5
DA:81,1
LF:24
LH:21
BRF:0
BRH:0
end_of_record
TN:
SF:src/auth/auth.module.ts
FN:25,(anonymous_1)
FNF:1
FNH:1
FNDA:11,(anonymous_1)
DA:1,5
DA:2,5
DA:3,5
DA:4,5
DA:5,5
DA:7,5
DA:8,5
DA:9,5
DA:10,5
DA:28,11
DA:45,5
LF:11
LH:11
BRF:0
BRH:0
end_of_record
TN:
SF:src/auth/auth.service.ts
FN:19,(anonymous_4)
FN:26,(anonymous_5)
FN:48,(anonymous_6)
FN:77,(anonymous_7)
FN:84,(anonymous_8)
FN:89,(anonymous_9)
FNF:6
FNH:5
FNDA:11,(anonymous_4)
FNDA:7,(anonymous_5)
FNDA:3,(anonymous_6)
FNDA:0,(anonymous_7)
FNDA:5,(anonymous_8)
FNDA:3,(anonymous_9)
DA:1,5
DA:7,5
DA:8,5
DA:9,5
DA:11,5
DA:13,5
DA:18,5
DA:21,11
DA:23,11
DA:27,7
DA:28,7
DA:30,7
DA:35,7
DA:36,4
DA:38,4
DA:44,3
DA:49,3
DA:51,3
DA:63,3
DA:64,1
DA:66,2
DA:67,1
DA:69,1
DA:71,1
DA:78,0
DA:85,5
DA:86,5
DA:90,3
DA:92,0
DA:94,0
LF:30
LH:27
BRDA:63,0,0,1
BRDA:66,1,0,1
BRDA:90,2,0,3
BRF:3
BRH:3
end_of_record
TN:
SF:src/auth/decorators/auth.decorator.ts
FN:7,Auth
FNF:1
FNH:1
FNDA:25,Auth
DA:1,5
DA:2,5
DA:3,5
DA:5,5
DA:7,5
DA:8,25
LF:6
LH:6
BRF:0
BRH:0
end_of_record
TN:
SF:src/auth/decorators/get-user.decorator.ts
FN:7,(anonymous_0)
FNF:1
FNH:1
FNDA:1,(anonymous_0)
DA:1,5
DA:7,5
DA:8,1
DA:9,1
DA:11,1
DA:13,1
DA:16,5
LF:7
LH:7
BRDA:11,0,0,0
BRDA:13,1,0,1
BRDA:13,1,1,0
BRF:3
BRH:1
end_of_record
TN:
SF:src/auth/decorators/index.ts
FN:1,(anonymous_0)
FN:2,(anonymous_1)
FN:4,(anonymous_2)
FN:5,(anonymous_3)
FNF:4
FNH:3
FNDA:25,(anonymous_0)
FNDA:0,(anonymous_1)
FNDA:5,(anonymous_2)
FNDA:35,(anonymous_3)
DA:1,30
DA:2,5
DA:4,10
DA:5,40
LF:4
LH:4
BRF:0
BRH:0
end_of_record
TN:
SF:src/auth/decorators/raw-headers.decorator.ts
FN:3,(anonymous_0)
FNF:1
FNH:0
FNDA:0,(anonymous_0)
DA:1,5
DA:3,5
DA:4,0
DA:5,0
DA:8,5
LF:5
LH:3
BRF:0
BRH:0
end_of_record
TN:
SF:src/auth/decorators/role-protected.decorator.ts
FN:6,(anonymous_0)
FNF:1
FNH:1
FNDA:30,(anonymous_0)
DA:1,5
DA:4,5
DA:6,5
DA:7,30
LF:4
LH:4
BRF:0
BRH:0
end_of_record
TN:
SF:src/auth/dto/create-user.dto.ts
FNF:0
FNH:0
DA:1,5
DA:9,5
DA:12,5
DA:21,5
DA:25,5
LF:5
LH:5
BRF:0
BRH:0
end_of_record
TN:
SF:src/auth/dto/index.ts
FN:1,(anonymous_0)
FN:2,(anonymous_1)
FNF:2
FNH:2
FNDA:5,(anonymous_0)
FNDA:5,(anonymous_1)
DA:1,10
DA:2,10
LF:2
LH:2
BRF:0
BRH:0
end_of_record
TN:
SF:src/auth/dto/login-user.dto.ts
FNF:0
FNH:0
DA:1,5
DA:9,5
DA:12,5
DA:21,5
LF:4
LH:4
BRF:0
BRH:0
end_of_record
TN:
SF:src/auth/entities/user.entity.ts
FN:44,(anonymous_2)
FN:49,(anonymous_3)
FN:40,(anonymous_4)
FN:40,(anonymous_5)
FNF:4
FNH:3
FNDA:7,(anonymous_2)
FNDA:0,(anonymous_3)
FNDA:11,(anonymous_4)
FNDA:11,(anonymous_5)
DA:1,5
DA:9,5
DA:12,5
DA:14,5
DA:19,5
DA:24,5
DA:27,5
DA:32,5
DA:38,5
DA:40,11
DA:41,5
DA:44,5
DA:45,7
DA:49,5
DA:50,0
LF:15
LH:14
BRF:0
BRH:0
end_of_record
TN:
SF:src/auth/guards/user-role.guard.ts
FN:15,(anonymous_2)
FN:17,(anonymous_3)
FNF:2
FNH:2
FNDA:22,(anonymous_2)
FNDA:1,(anonymous_3)
DA:1,5
DA:2,5
DA:11,5
DA:14,5
DA:15,22
DA:20,1
DA:25,1
DA:26,1
DA:28,1
DA:29,1
DA:31,1
DA:33,1
DA:34,1
DA:35,1
DA:39,0
LF:15
LH:14
BRDA:25,0,0,0
BRDA:26,1,0,0
BRDA:31,2,0,0
BRDA:34,3,0,1
BRF:4
BRH:1
end_of_record
TN:
SF:src/auth/interfaces/index.ts
FN:2,(anonymous_0)
FNF:1
FNH:1
FNDA:25,(anonymous_0)
DA:2,30
LF:1
LH:1
BRF:0
BRH:0
end_of_record
TN:
SF:src/auth/interfaces/valid-roles.ts
FN:1,(anonymous_0)
FNF:1
FNH:1
FNDA:5,(anonymous_0)
DA:1,5
DA:2,5
DA:3,5
DA:4,5
LF:4
LH:4
BRDA:1,0,0,5
BRDA:1,0,1,5
BRF:2
BRH:2
end_of_record
TN:
SF:src/auth/strategies/jwt.strategy.ts
FN:12,(anonymous_4)
FN:24,(anonymous_5)
FNF:2
FNH:2
FNDA:11,(anonymous_4)
FNDA:1,(anonymous_5)
DA:1,5
DA:2,5
DA:3,5
DA:4,5
DA:5,5
DA:6,5
DA:7,5
DA:11,5
DA:14,11
DA:18,11
DA:25,1
DA:27,1
DA:29,1
DA:31,1
DA:32,0
DA:34,1
LF:16
LH:15
BRDA:29,0,0,0
BRDA:31,1,0,0
BRF:2
BRH:0
end_of_record
TN:
SF:src/common/common.module.ts
FNF:0
FNH:0
DA:1,5
DA:4,5
LF:2
LH:2
BRF:0
BRH:0
end_of_record
TN:
SF:src/common/dtos/pagination.dto.ts
FN:13,(anonymous_2)
FN:22,(anonymous_3)
FNF:2
FNH:0
FNDA:0,(anonymous_2)
FNDA:0,(anonymous_3)
DA:1,5
DA:3,5
DA:4,5
DA:6,5
DA:13,0
DA:14,5
DA:22,0
DA:23,5
DA:31,5
LF:9
LH:7
BRF:0
BRH:0
end_of_record
TN:
SF:src/files/files.controller.ts
FN:24,(anonymous_4)
FN:30,(anonymous_5)
FN:50,(anonymous_6)
FNF:3
FNH:3
FNDA:11,(anonymous_4)
FNDA:1,(anonymous_5)
FNDA:3,(anonymous_6)
DA:1,5
DA:11,5
DA:12,5
DA:13,5
DA:16,5
DA:17,5
DA:19,5
DA:23,5
DA:25,11
DA:26,11
DA:30,5
DA:34,1
DA:36,0
DA:50,5
DA:51,3
DA:52,2
DA:56,1
DA:60,1
LF:18
LH:17
BRDA:51,0,0,2
BRF:1
BRH:1
end_of_record
TN:
SF:src/files/files.module.ts
FNF:0
FNH:0
DA:1,5
DA:2,5
DA:4,5
DA:5,5
DA:12,5
LF:5
LH:5
BRF:0
BRH:0
end_of_record
TN:
SF:src/files/files.service.ts
FN:8,(anonymous_1)
FNF:1
FNH:1
FNDA:1,(anonymous_1)
DA:1,5
DA:2,5
DA:4,5
DA:7,5
DA:9,1
DA:11,1
DA:12,1
DA:14,0
LF:8
LH:7
BRDA:11,0,0,1
BRF:1
BRH:1
end_of_record
TN:
SF:src/files/helpers/fileFilter.helper.ts
FN:1,(anonymous_0)
FNF:1
FNH:1
FNDA:2,(anonymous_0)
DA:1,5
DA:7,2
DA:9,2
DA:10,2
DA:12,2
DA:13,1
DA:16,1
LF:7
LH:7
BRDA:7,0,0,0
BRDA:12,1,0,1
BRF:2
BRH:1
end_of_record
TN:
SF:src/files/helpers/fileNamer.helper.ts
FN:3,(anonymous_0)
FNF:1
FNH:1
FNDA:1,(anonymous_0)
DA:1,5
DA:3,5
DA:6,1
DA:8,1
DA:10,1
DA:13,1
LF:6
LH:6
BRDA:6,0,0,0
BRF:1
BRH:0
end_of_record
TN:
SF:src/files/helpers/index.ts
FN:1,(anonymous_0)
FN:2,(anonymous_1)
FNF:2
FNH:2
FNDA:5,(anonymous_0)
FNDA:5,(anonymous_1)
DA:1,10
DA:2,10
LF:2
LH:2
BRF:0
BRH:0
end_of_record
TN:
SF:src/products/products.controller.ts
FN:27,(anonymous_4)
FN:38,(anonymous_5)
FN:43,(anonymous_6)
FN:49,(anonymous_7)
FN:55,(anonymous_8)
FN:65,(anonymous_9)
FNF:6
FNH:1
FNDA:11,(anonymous_4)
FNDA:0,(anonymous_5)
FNDA:0,(anonymous_6)
FNDA:0,(anonymous_7)
FNDA:0,(anonymous_8)
FNDA:0,(anonymous_9)
DA:1,5
DA:12,5
DA:14,5
DA:15,5
DA:16,5
DA:17,5
DA:18,5
DA:20,5
DA:21,5
DA:22,5
DA:26,5
DA:27,11
DA:38,5
DA:39,0
DA:43,5
DA:45,0
DA:49,5
DA:50,0
DA:55,5
DA:60,0
DA:65,5
DA:66,0
LF:22
LH:17
BRF:0
BRH:0
end_of_record
TN:
SF:src/products/products.module.ts
FNF:0
FNH:0
DA:1,5
DA:2,5
DA:4,5
DA:6,5
DA:7,5
DA:9,5
DA:23,5
LF:7
LH:7
BRF:0
BRH:0
end_of_record
TN:
SF:src/products/products.service.ts
FN:23,(anonymous_4)
FN:33,(anonymous_5)
FN:39,(anonymous_6)
FN:53,(anonymous_7)
FN:75,(anonymous_8)
FN:77,(anonymous_9)
FN:82,(anonymous_10)
FN:103,(anonymous_11)
FN:107,(anonymous_12)
FN:111,(anonymous_13)
FN:128,(anonymous_14)
FN:149,(anonymous_15)
FN:154,(anonymous_16)
FN:164,(anonymous_17)
FNF:14
FNH:1
FNDA:11,(anonymous_4)
FNDA:0,(anonymous_5)
FNDA:0,(anonymous_6)
FNDA:0,(anonymous_7)
FNDA:0,(anonymous_8)
FNDA:0,(anonymous_9)
FNDA:0,(anonymous_10)
FNDA:0,(anonymous_11)
FNDA:0,(anonymous_12)
FNDA:0,(anonymous_13)
FNDA:0,(anonymous_14)
FNDA:0,(anonymous_15)
FNDA:0,(anonymous_16)
FNDA:0,(anonymous_17)
DA:1,5
DA:8,5
DA:9,5
DA:15,5
DA:16,5
DA:20,5
DA:21,11
DA:25,11
DA:28,11
DA:30,11
DA:34,0
DA:35,0
DA:37,0
DA:40,0
DA:45,0
DA:47,0
DA:49,0
DA:54,0
DA:56,0
DA:68,0
DA:72,0
DA:75,0
DA:77,0
DA:85,0
DA:86,0
DA:88,0
DA:89,0
DA:98,0
DA:100,0
DA:104,0
DA:105,0
DA:107,0
DA:112,0
DA:114,0
DA:116,0
DA:117,0
DA:120,0
DA:121,0
DA:122,0
DA:124,0
DA:125,0
DA:126,0
DA:128,0
DA:129,0
DA:134,0
DA:136,0
DA:138,0
DA:139,0
DA:141,0
DA:143,0
DA:144,0
DA:145,0
DA:150,0
DA:151,0
DA:155,0
DA:157,0
DA:159,0
DA:165,0
DA:167,0
DA:168,0
DA:170,0
LF:61
LH:10
BRDA:35,0,0,0
BRDA:54,1,0,0
BRDA:54,2,0,0
BRDA:54,3,0,0
BRDA:65,4,0,0
BRDA:65,4,1,0
BRDA:69,5,0,0
BRDA:69,5,1,0
BRDA:85,6,0,0
BRDA:85,6,1,0
BRDA:98,7,0,0
BRDA:104,8,0,0
BRDA:116,9,0,0
BRDA:125,10,0,0
BRDA:155,11,0,0
BRF:15
BRH:0
end_of_record
TN:
SF:src/products/dto/create-product.dto.ts
FNF:0
FNH:0
DA:1,5
DA:2,5
DA:7,5
DA:16,5
DA:22,5
DA:27,5
DA:32,5
DA:38,5
DA:43,5
DA:47,5
DA:53,5
DA:59,5
LF:12
LH:12
BRF:0
BRH:0
end_of_record
TN:
SF:src/products/dto/update-product.dto.ts
FNF:0
FNH:0
DA:2,5
DA:3,5
DA:5,5
LF:3
LH:3
BRF:0
BRH:0
end_of_record
TN:
SF:src/products/entities/index.ts
FN:1,(anonymous_0)
FN:2,(anonymous_1)
FNF:2
FNH:2
FNDA:42,(anonymous_0)
FNDA:21,(anonymous_1)
DA:1,47
DA:2,26
LF:2
LH:2
BRF:0
BRH:0
end_of_record
TN:
SF:src/products/entities/product-image.entity.ts
FN:15,(anonymous_2)
FN:16,(anonymous_3)
FNF:2
FNH:2
FNDA:11,(anonymous_2)
FNDA:11,(anonymous_3)
DA:1,5
DA:2,5
DA:6,5
DA:9,5
DA:12,5
DA:15,11
DA:16,11
DA:19,5
LF:8
LH:8
BRF:0
BRH:0
end_of_record
TN:
SF:src/products/entities/product.entity.ts
FN:110,(anonymous_2)
FN:124,(anonymous_3)
FN:94,(anonymous_4)
FN:95,(anonymous_5)
FN:102,(anonymous_6)
FN:103,(anonymous_7)
FNF:6
FNH:4
FNDA:0,(anonymous_2)
FNDA:0,(anonymous_3)
FNDA:11,(anonymous_4)
FNDA:11,(anonymous_5)
FNDA:11,(anonymous_6)
FNDA:11,(anonymous_7)
DA:1,5
DA:2,5
DA:4,5
DA:5,5
DA:8,5
DA:16,5
DA:26,5
DA:35,5
DA:46,5
DA:56,5
DA:66,5
DA:75,5
DA:82,5
DA:89,5
DA:94,11
DA:95,11
DA:98,5
DA:102,11
DA:103,11
DA:106,5
DA:110,5
DA:112,0
DA:113,0
DA:116,0
DA:124,5
DA:125,0
LF:26
LH:22
BRDA:112,0,0,0
BRF:1
BRH:0
end_of_record
TN:
SF:src/seed/seed.controller.ts
FN:12,(anonymous_2)
FN:22,(anonymous_3)
FNF:2
FNH:1
FNDA:11,(anonymous_2)
FNDA:0,(anonymous_3)
DA:1,5
DA:2,5
DA:7,5
DA:11,5
DA:12,11
DA:22,5
DA:23,0
LF:7
LH:6
BRF:0
BRH:0
end_of_record
TN:
SF:src/seed/seed.module.ts
FNF:0
FNH:0
DA:1,5
DA:3,5
DA:4,5
DA:6,5
DA:7,5
DA:17,5
LF:6
LH:6
BRF:0
BRH:0
end_of_record
TN:
SF:src/seed/seed.service.ts
FN:12,(anonymous_4)
FN:20,(anonymous_5)
FN:30,(anonymous_6)
FN:42,(anonymous_7)
FN:48,(anonymous_8)
FN:58,(anonymous_9)
FN:65,(anonymous_10)
FNF:7
FNH:1
FNDA:11,(anonymous_4)
FNDA:0,(anonymous_5)
FNDA:0,(anonymous_6)
FNDA:0,(anonymous_7)
FNDA:0,(anonymous_8)
FNDA:0,(anonymous_9)
FNDA:0,(anonymous_10)
DA:1,5
DA:2,5
DA:3,5
DA:4,5
DA:5,5
DA:6,5
DA:10,5
DA:13,11
DA:16,11
DA:22,0
DA:23,0
DA:25,0
DA:27,0
DA:32,0
DA:34,0
DA:35,0
DA:44,0
DA:46,0
DA:48,0
DA:49,0
DA:52,0
DA:54,0
DA:59,0
DA:61,0
DA:63,0
DA:65,0
DA:66,0
DA:69,0
DA:72,0
LF:29
LH:9
BRF:0
BRH:0
end_of_record
TN:
SF:src/seed/data/seed-data.ts
FNF:0
FNH:0
DA:1,5
DA:33,5
LF:2
LH:2
BRF:0
BRH:0
end_of_record
